<?xml version="1.0" encoding="utf-8"?><testsuites name="pytest tests"><testsuite name="pytest" errors="0" failures="0" skipped="0" tests="8" time="0.919" timestamp="2026-07-06T16:02:03.073514+03:00" hostname="Genesis"><testcase classname="tests.test_api" name="test_create_user" time="0.236" /><testcase classname="tests.test_api" name="test_get_user" time="0.009" /><testcase classname="tests.test_api" name="test_create_task" time="0.024" /><testcase classname="tests.test_api" name="test_get_task" time="0.039" /><testcase classname="tests.test_api" name="test_update_task" time="0.034" /><testcase classname="tests.test_api" name="test_delete_task" time="0.031" /><testcase classname="tests.test_models" name="test_user_model" time="0.001" /><testcase classname="tests.test_models" name="test_task_model" time="0.001" /></testsuite></testsuites>